2019-11-27 14:59:45.062+0000 WARN [o.n.k.i.JvmChecker] You are using an unsupported version of the Java runtime. Please use Oracle(R) Java(TM) Runtime Environment 8, OpenJDK(TM) 8 or IBM J9.
2019-11-27 14:59:45.528+0000 INFO [o.n.g.f.m.e.CommunityEditionModule] No locking implementation specified, defaulting to 'community'
2019-11-27 14:59:45.707+0000 INFO [o.n.g.f.GraphDatabaseFacadeFactory] Creating 'VersionSWISS.tab' database.
2019-11-27 14:59:45.745+0000 INFO [o.n.k.a.DatabaseAvailabilityGuard] Requirement `Database available` makes database VersionSWISS.tab unavailable.
2019-11-27 14:59:45.746+0000 INFO [o.n.k.a.DatabaseAvailabilityGuard] Database VersionSWISS.tab is unavailable.
2019-11-27 14:59:45.762+0000 INFO [o.n.i.d.DiagnosticsManager] --- INITIALIZED diagnostics START ---
2019-11-27 14:59:45.762+0000 INFO [o.n.i.d.DiagnosticsManager] Neo4j Kernel properties:
2019-11-27 14:59:45.762+0000 INFO [o.n.i.d.DiagnosticsManager] dbms.active_database=VersionSWISS.tab
2019-11-27 14:59:45.762+0000 INFO [o.n.i.d.DiagnosticsManager] unsupported.dbms.edition=community
2019-11-27 14:59:45.762+0000 INFO [o.n.i.d.DiagnosticsManager] unsupported.dbms.block_size.strings=60
2019-11-27 14:59:45.762+0000 INFO [o.n.i.d.DiagnosticsManager] unsupported.dbms.directories.neo4j_home=/Users/vincentmorin/workspace/nosql2019_combernoux_cousin_morin_schwien
2019-11-27 14:59:45.762+0000 INFO [o.n.i.d.DiagnosticsManager] unsupported.dbms.directories.databases.root=/Users/vincentmorin/workspace/nosql2019_combernoux_cousin_morin_schwien/.
2019-11-27 14:59:45.762+0000 INFO [o.n.i.d.DiagnosticsManager] unsupported.dbms.block_size.array_properties=300
2019-11-27 14:59:45.762+0000 INFO [o.n.i.d.DiagnosticsManager] dbms.memory.pagecache.size=512M
2019-11-27 14:59:45.763+0000 INFO [o.n.i.d.DiagnosticsManager] unsupported.dbms.ephemeral=false
2019-11-27 14:59:45.763+0000 INFO [o.n.i.d.DiagnosticsManager] Diagnostics providers:
2019-11-27 14:59:45.763+0000 INFO [o.n.i.d.DiagnosticsManager] org.neo4j.kernel.configuration.Config
2019-11-27 14:59:45.763+0000 INFO [o.n.i.d.DiagnosticsManager] org.neo4j.internal.diagnostics.DiagnosticsManager
2019-11-27 14:59:45.763+0000 INFO [o.n.i.d.DiagnosticsManager] SYSTEM_MEMORY
2019-11-27 14:59:45.763+0000 INFO [o.n.i.d.DiagnosticsManager] JAVA_MEMORY
2019-11-27 14:59:45.763+0000 INFO [o.n.i.d.DiagnosticsManager] OPERATING_SYSTEM
2019-11-27 14:59:45.763+0000 INFO [o.n.i.d.DiagnosticsManager] JAVA_VIRTUAL_MACHINE
2019-11-27 14:59:45.763+0000 INFO [o.n.i.d.DiagnosticsManager] CLASSPATH
2019-11-27 14:59:45.763+0000 INFO [o.n.i.d.DiagnosticsManager] LIBRARY_PATH
2019-11-27 14:59:45.764+0000 INFO [o.n.i.d.DiagnosticsManager] SYSTEM_PROPERTIES
2019-11-27 14:59:45.764+0000 INFO [o.n.i.d.DiagnosticsManager] TIMEZONE_DATABASE
2019-11-27 14:59:45.764+0000 INFO [o.n.i.d.DiagnosticsManager] NETWORK
2019-11-27 14:59:45.764+0000 INFO [o.n.i.d.DiagnosticsManager] System memory information:
2019-11-27 14:59:45.781+0000 INFO [o.n.i.d.DiagnosticsManager] Total Physical memory: 8.00 GB
2019-11-27 14:59:45.782+0000 INFO [o.n.i.d.DiagnosticsManager] Free Physical memory: 30.25 MB
2019-11-27 14:59:45.783+0000 INFO [o.n.i.d.DiagnosticsManager] Committed virtual memory: 7.72 GB
2019-11-27 14:59:45.784+0000 INFO [o.n.i.d.DiagnosticsManager] Total swap space: 4.00 GB
2019-11-27 14:59:45.785+0000 INFO [o.n.i.d.DiagnosticsManager] Free swap space: 1.10 GB
2019-11-27 14:59:45.785+0000 INFO [o.n.i.d.DiagnosticsManager] JVM memory information:
2019-11-27 14:59:45.785+0000 INFO [o.n.i.d.DiagnosticsManager] Free  memory: 87.32 MB
2019-11-27 14:59:45.785+0000 INFO [o.n.i.d.DiagnosticsManager] Total memory: 128.00 MB
2019-11-27 14:59:45.785+0000 INFO [o.n.i.d.DiagnosticsManager] Max   memory: 2.00 GB
2019-11-27 14:59:45.814+0000 INFO [o.n.i.d.DiagnosticsManager] Garbage Collector: G1 Young Generation: [G1 Eden Space, G1 Survivor Space]
2019-11-27 14:59:45.814+0000 INFO [o.n.i.d.DiagnosticsManager] Garbage Collector: G1 Old Generation: [G1 Eden Space, G1 Survivor Space, G1 Old Gen]
2019-11-27 14:59:45.817+0000 INFO [o.n.i.d.DiagnosticsManager] Memory Pool: CodeHeap 'non-nmethods' (Non-heap memory): committed=2.44 MB, used=1.24 MB, max=5.56 MB, threshold=0.00 B
2019-11-27 14:59:45.819+0000 INFO [o.n.i.d.DiagnosticsManager] Memory Pool: Metaspace (Non-heap memory): committed=24.25 MB, used=23.24 MB, max=-1.00 B, threshold=0.00 B
2019-11-27 14:59:45.819+0000 INFO [o.n.i.d.DiagnosticsManager] Memory Pool: CodeHeap 'profiled nmethods' (Non-heap memory): committed=4.13 MB, used=4.12 MB, max=117.22 MB, threshold=0.00 B
2019-11-27 14:59:45.819+0000 INFO [o.n.i.d.DiagnosticsManager] Memory Pool: Compressed Class Space (Non-heap memory): committed=2.75 MB, used=2.55 MB, max=1.00 GB, threshold=0.00 B
2019-11-27 14:59:45.819+0000 INFO [o.n.i.d.DiagnosticsManager] Memory Pool: G1 Eden Space (Heap memory): committed=55.00 MB, used=17.00 MB, max=-1.00 B, threshold=?
2019-11-27 14:59:45.819+0000 INFO [o.n.i.d.DiagnosticsManager] Memory Pool: G1 Old Gen (Heap memory): committed=63.00 MB, used=13.18 MB, max=2.00 GB, threshold=0.00 B
2019-11-27 14:59:45.819+0000 INFO [o.n.i.d.DiagnosticsManager] Memory Pool: G1 Survivor Space (Heap memory): committed=10.00 MB, used=10.00 MB, max=-1.00 B, threshold=?
2019-11-27 14:59:45.820+0000 INFO [o.n.i.d.DiagnosticsManager] Memory Pool: CodeHeap 'non-profiled nmethods' (Non-heap memory): committed=2.44 MB, used=807.25 kB, max=117.22 MB, threshold=0.00 B
2019-11-27 14:59:45.820+0000 INFO [o.n.i.d.DiagnosticsManager] Operating system information:
2019-11-27 14:59:45.822+0000 INFO [o.n.i.d.DiagnosticsManager] Operating System: Mac OS X; version: 10.15.1; arch: x86_64; cpus: 4
2019-11-27 14:59:45.822+0000 INFO [o.n.i.d.DiagnosticsManager] Max number of file descriptors: 10240
2019-11-27 14:59:45.823+0000 INFO [o.n.i.d.DiagnosticsManager] Number of open file descriptors: 101
2019-11-27 14:59:50.842+0000 INFO [o.n.i.d.DiagnosticsManager] Process id: 40951@MacBook-Pro-de-Vincent.local
2019-11-27 14:59:50.842+0000 INFO [o.n.i.d.DiagnosticsManager] Byte order: LITTLE_ENDIAN
2019-11-27 14:59:50.855+0000 INFO [o.n.i.d.DiagnosticsManager] Local timezone: Europe/Paris
2019-11-27 14:59:50.855+0000 INFO [o.n.i.d.DiagnosticsManager] JVM information:
2019-11-27 14:59:50.855+0000 INFO [o.n.i.d.DiagnosticsManager] VM Name: Java HotSpot(TM) 64-Bit Server VM
2019-11-27 14:59:50.856+0000 INFO [o.n.i.d.DiagnosticsManager] VM Vendor: Oracle Corporation
2019-11-27 14:59:50.856+0000 INFO [o.n.i.d.DiagnosticsManager] VM Version: 9.0.4+11
2019-11-27 14:59:50.856+0000 INFO [o.n.i.d.DiagnosticsManager] JIT compiler: HotSpot 64-Bit Tiered Compilers
2019-11-27 14:59:50.857+0000 INFO [o.n.i.d.DiagnosticsManager] VM Arguments: [-javaagent:/Applications/IntelliJ IDEA.app/Contents/lib/idea_rt.jar=54244:/Applications/IntelliJ IDEA.app/Contents/bin, -Dfile.encoding=UTF-8]
2019-11-27 14:59:50.857+0000 INFO [o.n.i.d.DiagnosticsManager] Java classpath:
2019-11-27 14:59:50.863+0000 INFO [o.n.i.d.DiagnosticsManager]  [classpath] /Users/vincentmorin/.m2/repository/org/neo4j/neo4j-collections/3.5.13/neo4j-collections-3.5.13.jar
2019-11-27 14:59:50.863+0000 INFO [o.n.i.d.DiagnosticsManager]  [classpath] /Users/vincentmorin/.m2/repository/org/neo4j/neo4j-common/3.5.13/neo4j-common-3.5.13.jar
2019-11-27 14:59:50.863+0000 INFO [o.n.i.d.DiagnosticsManager]  [classpath] /Users/vincentmorin/.m2/repository/org/apache/commons/commons-lang3/3.8/commons-lang3-3.8.jar
2019-11-27 14:59:50.863+0000 INFO [o.n.i.d.DiagnosticsManager]  [classpath] /Users/vincentmorin/.m2/repository/org/neo4j/neo4j-cypher-ir-3.4/3.4.17/neo4j-cypher-ir-3.4-3.4.17.jar
2019-11-27 14:59:50.863+0000 INFO [o.n.i.d.DiagnosticsManager]  [classpath] /Users/vincentmorin/.m2/repository/org/neo4j/neo4j-import-tool/3.5.13/neo4j-import-tool-3.5.13.jar
2019-11-27 14:59:50.864+0000 INFO [o.n.i.d.DiagnosticsManager]  [classpath] /Users/vincentmorin/.m2/repository/org/neo4j/neo4j-kernel-api/3.5.13/neo4j-kernel-api-3.5.13.jar
2019-11-27 14:59:50.864+0000 INFO [o.n.i.d.DiagnosticsManager]  [classpath] /Users/vincentmorin/workspace/nosql2019_combernoux_cousin_morin_schwien/neo4j-3.5.13.jar
2019-11-27 14:59:50.864+0000 INFO [o.n.i.d.DiagnosticsManager]  [classpath] /Users/vincentmorin/.m2/repository/org/neo4j/neo4j-graph-algo/3.5.13/neo4j-graph-algo-3.5.13.jar
2019-11-27 14:59:50.864+0000 INFO [o.n.i.d.DiagnosticsManager]  [classpath] /Users/vincentmorin/.m2/repository/org/apache/lucene/lucene-analyzers-common/5.5.5/lucene-analyzers-common-5.5.5.jar
2019-11-27 14:59:50.864+0000 INFO [o.n.i.d.DiagnosticsManager]  [classpath] /Users/vincentmorin/.m2/repository/org/neo4j/neo4j-annotation-processors/3.5.13/neo4j-annotation-processors-3.5.13.jar
2019-11-27 14:59:50.864+0000 INFO [o.n.i.d.DiagnosticsManager]  [classpath] /Users/vincentmorin/.m2/repository/org/neo4j/neo4j-concurrent/3.5.13/neo4j-concurrent-3.5.13.jar
2019-11-27 14:59:50.864+0000 INFO [o.n.i.d.DiagnosticsManager]  [classpath] /Users/vincentmorin/.m2/repository/com/profesorfalken/WMI4Java/1.6.1/WMI4Java-1.6.1.jar
2019-11-27 14:59:50.864+0000 INFO [o.n.i.d.DiagnosticsManager]  [classpath] /Users/vincentmorin/.m2/repository/com/profesorfalken/jPowerShell/1.9/jPowerShell-1.9.jar
2019-11-27 14:59:50.864+0000 INFO [o.n.i.d.DiagnosticsManager]  [classpath] /Users/vincentmorin/.m2/repository/org/mongodb/mongodb-driver-core/3.11.2/mongodb-driver-core-3.11.2.jar
2019-11-27 14:59:50.864+0000 INFO [o.n.i.d.DiagnosticsManager]  [classpath] /Users/vincentmorin/.m2/repository/org/neo4j/neo4j-command-line/3.5.13/neo4j-command-line-3.5.13.jar
2019-11-27 14:59:50.864+0000 INFO [o.n.i.d.DiagnosticsManager]  [classpath] /Users/vincentmorin/.m2/repository/org/neo4j/neo4j-cypher-planner-3.5/3.5.13/neo4j-cypher-planner-3.5-3.5.13.jar
2019-11-27 14:59:50.864+0000 INFO [o.n.i.d.DiagnosticsManager]  [classpath] /Users/vincentmorin/.m2/repository/org/ow2/asm/asm-analysis/6.2/asm-analysis-6.2.jar
2019-11-27 14:59:50.864+0000 INFO [o.n.i.d.DiagnosticsManager]  [classpath] /Users/vincentmorin/.m2/repository/org/mongodb/mongodb-driver-sync/3.11.2/mongodb-driver-sync-3.11.2.jar
2019-11-27 14:59:50.864+0000 INFO [o.n.i.d.DiagnosticsManager]  [classpath] /Users/vincentmorin/.m2/repository/org/neo4j/neo4j/3.5.13/neo4j-3.5.13.jar
2019-11-27 14:59:50.864+0000 INFO [o.n.i.d.DiagnosticsManager]  [classpath] /Users/vincentmorin/.m2/repository/org/apache/lucene/lucene-core/5.5.5/lucene-core-5.5.5.jar
2019-11-27 14:59:50.864+0000 INFO [o.n.i.d.DiagnosticsManager]  [classpath] /Users/vincentmorin/.m2/repository/org/neo4j/neo4j-cypher-frontend-3.1/3.1.9/neo4j-cypher-frontend-3.1-3.1.9.jar
2019-11-27 14:59:50.864+0000 INFO [o.n.i.d.DiagnosticsManager]  [classpath] /Users/vincentmorin/.m2/repository/org/neo4j/neo4j-jmx/3.5.13/neo4j-jmx-3.5.13.jar
2019-11-27 14:59:50.864+0000 INFO [o.n.i.d.DiagnosticsManager]  [classpath] /Users/vincentmorin/.m2/repository/org/ow2/asm/asm/6.2/asm-6.2.jar
2019-11-27 14:59:50.864+0000 INFO [o.n.i.d.DiagnosticsManager]  [classpath] /Users/vincentmorin/.m2/repository/org/neo4j/neo4j-udc/3.5.13/neo4j-udc-3.5.13.jar
2019-11-27 14:59:50.865+0000 INFO [o.n.i.d.DiagnosticsManager]  [classpath] /Users/vincentmorin/.m2/repository/org/apache/commons/commons-text/1.4/commons-text-1.4.jar
2019-11-27 14:59:50.865+0000 INFO [o.n.i.d.DiagnosticsManager]  [classpath] /Users/vincentmorin/.m2/repository/org/bouncycastle/bcprov-jdk15on/1.60/bcprov-jdk15on-1.60.jar
2019-11-27 14:59:50.865+0000 INFO [o.n.i.d.DiagnosticsManager]  [classpath] /Users/vincentmorin/.m2/repository/org/neo4j/neo4j-configuration/3.5.13/neo4j-configuration-3.5.13.jar
2019-11-27 14:59:50.865+0000 INFO [o.n.i.d.DiagnosticsManager]  [classpath] /Users/vincentmorin/.m2/repository/org/scala-lang/scala-reflect/2.11.12/scala-reflect-2.11.12.jar
2019-11-27 14:59:50.865+0000 INFO [o.n.i.d.DiagnosticsManager]  [classpath] /Users/vincentmorin/.m2/repository/org/neo4j/neo4j-ast-3.5/3.5.13/neo4j-ast-3.5-3.5.13.jar
2019-11-27 14:59:50.865+0000 INFO [o.n.i.d.DiagnosticsManager]  [classpath] /Users/vincentmorin/.m2/repository/org/neo4j/neo4j-logging/3.5.13/neo4j-logging-3.5.13.jar
2019-11-27 14:59:50.865+0000 INFO [o.n.i.d.DiagnosticsManager]  [classpath] /Users/vincentmorin/.m2/repository/org/neo4j/neo4j-front-end-3.5/3.5.13/neo4j-front-end-3.5-3.5.13.jar
2019-11-27 14:59:50.865+0000 INFO [o.n.i.d.DiagnosticsManager]  [classpath] /Users/vincentmorin/.m2/repository/org/neo4j/neo4j-dbms/3.5.13/neo4j-dbms-3.5.13.jar
2019-11-27 14:59:50.865+0000 INFO [o.n.i.d.DiagnosticsManager]  [classpath] /Users/vincentmorin/.m2/repository/org/neo4j/neo4j-resource/3.5.13/neo4j-resource-3.5.13.jar
2019-11-27 14:59:50.865+0000 INFO [o.n.i.d.DiagnosticsManager]  [classpath] /Users/vincentmorin/.m2/repository/org/neo4j/neo4j-cypher-expression-3.4/3.4.17/neo4j-cypher-expression-3.4-3.4.17.jar
2019-11-27 14:59:50.865+0000 INFO [o.n.i.d.DiagnosticsManager]  [classpath] /Users/vincentmorin/.m2/repository/org/neo4j/neo4j-cypher-planner-spi-3.4/3.4.17/neo4j-cypher-planner-spi-3.4-3.4.17.jar
2019-11-27 14:59:50.865+0000 INFO [o.n.i.d.DiagnosticsManager]  [classpath] /Users/vincentmorin/.m2/repository/org/apache/lucene/lucene-codecs/5.5.5/lucene-codecs-5.5.5.jar
2019-11-27 14:59:50.865+0000 INFO [o.n.i.d.DiagnosticsManager]  [classpath] /Users/vincentmorin/.m2/repository/org/neo4j/neo4j-index/3.5.13/neo4j-index-3.5.13.jar
2019-11-27 14:59:50.865+0000 INFO [o.n.i.d.DiagnosticsManager]  [classpath] /Users/vincentmorin/.m2/repository/org/neo4j/neo4j-parser-3.5/3.5.13/neo4j-parser-3.5-3.5.13.jar
2019-11-27 14:59:50.865+0000 INFO [o.n.i.d.DiagnosticsManager]  [classpath] /Users/vincentmorin/.m2/repository/com/github/ben-manes/caffeine/caffeine/2.3.3/caffeine-2.3.3.jar
2019-11-27 14:59:50.865+0000 INFO [o.n.i.d.DiagnosticsManager]  [classpath] /Users/vincentmorin/.m2/repository/org/ow2/asm/asm-tree/6.2/asm-tree-6.2.jar
2019-11-27 14:59:50.865+0000 INFO [o.n.i.d.DiagnosticsManager]  [classpath] /Users/vincentmorin/.m2/repository/org/neo4j/neo4j-codegen/3.5.13/neo4j-codegen-3.5.13.jar
2019-11-27 14:59:50.865+0000 INFO [o.n.i.d.DiagnosticsManager]  [classpath] /Users/vincentmorin/.m2/repository/org/apache/commons/commons-compress/1.19/commons-compress-1.19.jar
2019-11-27 14:59:50.865+0000 INFO [o.n.i.d.DiagnosticsManager]  [classpath] /Users/vincentmorin/.m2/repository/org/neo4j/neo4j-graphdb-api/3.5.13/neo4j-graphdb-api-3.5.13.jar
2019-11-27 14:59:50.865+0000 INFO [o.n.i.d.DiagnosticsManager]  [classpath] /Users/vincentmorin/.m2/repository/org/neo4j/neo4j-cypher-planner-3.4/3.4.17/neo4j-cypher-planner-3.4-3.4.17.jar
2019-11-27 14:59:50.866+0000 INFO [o.n.i.d.DiagnosticsManager]  [classpath] /Users/vincentmorin/.m2/repository/org/mongodb/bson/3.11.2/bson-3.11.2.jar
2019-11-27 14:59:50.866+0000 INFO [o.n.i.d.DiagnosticsManager]  [classpath] /Users/vincentmorin/.m2/repository/org/neo4j/neo4j-graph-matching/3.1.9/neo4j-graph-matching-3.1.9.jar
2019-11-27 14:59:50.866+0000 INFO [o.n.i.d.DiagnosticsManager]  [classpath] /Users/vincentmorin/.m2/repository/org/neo4j/neo4j-cypher-compiler-3.1/3.1.9/neo4j-cypher-compiler-3.1-3.1.9.jar
2019-11-27 14:59:50.866+0000 INFO [o.n.i.d.DiagnosticsManager]  [classpath] /Users/vincentmorin/.m2/repository/org/neo4j/neo4j-data-collector/3.5.13/neo4j-data-collector-3.5.13.jar
2019-11-27 14:59:50.866+0000 INFO [o.n.i.d.DiagnosticsManager]  [classpath] /Users/vincentmorin/.m2/repository/net/sf/opencsv/opencsv/2.3/opencsv-2.3.jar
2019-11-27 14:59:50.866+0000 INFO [o.n.i.d.DiagnosticsManager]  [classpath] /Users/vincentmorin/.m2/repository/com/github/luben/zstd-jni/1.3.8-6/zstd-jni-1.3.8-6.jar
2019-11-27 14:59:50.866+0000 INFO [o.n.i.d.DiagnosticsManager]  [classpath] /Users/vincentmorin/.m2/repository/org/neo4j/openCypher-frontend-1/3.4.17/openCypher-frontend-1-3.4.17.jar
2019-11-27 14:59:50.866+0000 INFO [o.n.i.d.DiagnosticsManager]  [classpath] /Users/vincentmorin/.m2/repository/org/neo4j/neo4j-procedure-api/3.5.13/neo4j-procedure-api-3.5.13.jar
2019-11-27 14:59:50.866+0000 INFO [o.n.i.d.DiagnosticsManager]  [classpath] /Users/vincentmorin/.m2/repository/org/neo4j/neo4j-cypher-ir-3.5/3.5.13/neo4j-cypher-ir-3.5-3.5.13.jar
2019-11-27 14:59:50.866+0000 INFO [o.n.i.d.DiagnosticsManager]  [classpath] /Users/vincentmorin/.m2/repository/org/neo4j/neo4j-cypher-logical-plans-3.5/3.5.13/neo4j-cypher-logical-plans-3.5-3.5.13.jar
2019-11-27 14:59:50.866+0000 INFO [o.n.i.d.DiagnosticsManager]  [classpath] /Users/vincentmorin/.m2/repository/org/neo4j/neo4j-cypher-planner-spi-3.5/3.5.13/neo4j-cypher-planner-spi-3.5-3.5.13.jar
2019-11-27 14:59:50.866+0000 INFO [o.n.i.d.DiagnosticsManager]  [classpath] /Users/vincentmorin/.m2/repository/org/scala-lang/scala-library/2.11.12/scala-library-2.11.12.jar
2019-11-27 14:59:50.866+0000 INFO [o.n.i.d.DiagnosticsManager]  [classpath] /Users/vincentmorin/.m2/repository/org/neo4j/neo4j-bolt/3.5.13/neo4j-bolt-3.5.13.jar
2019-11-27 14:59:50.866+0000 INFO [o.n.i.d.DiagnosticsManager]  [classpath] /Users/vincentmorin/.m2/repository/org/neo4j/neo4j-io/3.5.13/neo4j-io-3.5.13.jar
2019-11-27 14:59:50.866+0000 INFO [o.n.i.d.DiagnosticsManager]  [classpath] /Users/vincentmorin/.m2/repository/org/neo4j/neo4j-cypher-compiler-2.3/2.3.12/neo4j-cypher-compiler-2.3-2.3.12.jar
2019-11-27 14:59:50.867+0000 INFO [o.n.i.d.DiagnosticsManager]  [classpath] /Users/vincentmorin/.m2/repository/org/bouncycastle/bcpkix-jdk15on/1.60/bcpkix-jdk15on-1.60.jar
2019-11-27 14:59:50.867+0000 INFO [o.n.i.d.DiagnosticsManager]  [classpath] /Users/vincentmorin/.m2/repository/org/neo4j/neo4j-csv/3.5.13/neo4j-csv-3.5.13.jar
2019-11-27 14:59:50.867+0000 INFO [o.n.i.d.DiagnosticsManager]  [classpath] /Users/vincentmorin/.m2/repository/org/neo4j/neo4j-rewriting-3.5/3.5.13/neo4j-rewriting-3.5-3.5.13.jar
2019-11-27 14:59:50.867+0000 INFO [o.n.i.d.DiagnosticsManager]  [classpath] /Users/vincentmorin/.m2/repository/org/neo4j/neo4j-consistency-check/3.5.13/neo4j-consistency-check-3.5.13.jar
2019-11-27 14:59:50.867+0000 INFO [o.n.i.d.DiagnosticsManager]  [classpath] /Users/vincentmorin/.m2/repository/org/neo4j/neo4j-spatial-index/3.5.13/neo4j-spatial-index-3.5.13.jar
2019-11-27 14:59:50.867+0000 INFO [o.n.i.d.DiagnosticsManager]  [classpath] /Users/vincentmorin/.m2/repository/org/neo4j/neo4j-cypher-runtime-util/3.5.13/neo4j-cypher-runtime-util-3.5.13.jar
2019-11-27 14:59:50.867+0000 INFO [o.n.i.d.DiagnosticsManager]  [classpath] /Users/vincentmorin/.m2/repository/org/ow2/asm/asm-util/6.2/asm-util-6.2.jar
2019-11-27 14:59:50.867+0000 INFO [o.n.i.d.DiagnosticsManager]  [classpath] /Users/vincentmorin/.m2/repository/org/neo4j/neo4j-legacy/3.5.13/neo4j-legacy-3.5.13.jar
2019-11-27 14:59:50.867+0000 INFO [o.n.i.d.DiagnosticsManager]  [classpath] /Users/vincentmorin/.m2/repository/org/apache/lucene/lucene-queryparser/5.5.5/lucene-queryparser-5.5.5.jar
2019-11-27 14:59:50.867+0000 INFO [o.n.i.d.DiagnosticsManager]  [classpath] /Users/vincentmorin/.m2/repository/org/parboiled/parboiled-scala_2.11/1.1.7/parboiled-scala_2.11-1.1.7.jar
2019-11-27 14:59:50.867+0000 INFO [o.n.i.d.DiagnosticsManager]  [classpath] /Users/vincentmorin/.m2/repository/org/neo4j/neo4j-fulltext-index/3.5.13/neo4j-fulltext-index-3.5.13.jar
2019-11-27 14:59:50.867+0000 INFO [o.n.i.d.DiagnosticsManager]  [classpath] /Users/vincentmorin/.m2/repository/org/neo4j/neo4j-cypher-interpreted-runtime/3.5.13/neo4j-cypher-interpreted-runtime-3.5.13.jar
2019-11-27 14:59:50.867+0000 INFO [o.n.i.d.DiagnosticsManager]  [classpath] /Users/vincentmorin/.m2/repository/org/neo4j/licensing-proxy/zstd-proxy/3.5.13/zstd-proxy-3.5.13.jar
2019-11-27 14:59:50.868+0000 INFO [o.n.i.d.DiagnosticsManager]  [classpath] /Users/vincentmorin/.m2/repository/org/neo4j/neo4j-unsafe/3.5.13/neo4j-unsafe-3.5.13.jar
2019-11-27 14:59:50.868+0000 INFO [o.n.i.d.DiagnosticsManager]  [classpath] /Users/vincentmorin/.m2/repository/org/neo4j/neo4j-values/3.5.13/neo4j-values-3.5.13.jar
2019-11-27 14:59:50.868+0000 INFO [o.n.i.d.DiagnosticsManager]  [classpath] /Users/vincentmorin/.m2/repository/io/netty/netty-all/4.1.32.Final/netty-all-4.1.32.Final.jar
2019-11-27 14:59:50.868+0000 INFO [o.n.i.d.DiagnosticsManager]  [classpath] /Users/vincentmorin/.m2/repository/org/neo4j/neo4j-lucene-index/3.5.13/neo4j-lucene-index-3.5.13.jar
2019-11-27 14:59:50.868+0000 INFO [o.n.i.d.DiagnosticsManager]  [classpath] /Users/vincentmorin/.m2/repository/org/neo4j/neo4j-util-3.5/3.5.13/neo4j-util-3.5-3.5.13.jar
2019-11-27 14:59:50.868+0000 INFO [o.n.i.d.DiagnosticsManager]  [classpath] /Users/vincentmorin/.m2/repository/org/neo4j/neo4j-expressions-3.5/3.5.13/neo4j-expressions-3.5-3.5.13.jar
2019-11-27 14:59:50.868+0000 INFO [o.n.i.d.DiagnosticsManager]  [classpath] /Users/vincentmorin/.m2/repository/org/neo4j/neo4j-cypher/3.5.13/neo4j-cypher-3.5.13.jar
2019-11-27 14:59:50.868+0000 INFO [o.n.i.d.DiagnosticsManager]  [classpath] /Users/vincentmorin/.m2/repository/org/jprocesses/jProcesses/1.6.4/jProcesses-1.6.4.jar
2019-11-27 14:59:50.868+0000 INFO [o.n.i.d.DiagnosticsManager]  [classpath] /Users/vincentmorin/.m2/repository/org/neo4j/neo4j-ssl/3.5.13/neo4j-ssl-3.5.13.jar
2019-11-27 14:59:50.868+0000 INFO [o.n.i.d.DiagnosticsManager]  [classpath] /Users/vincentmorin/.m2/repository/org/neo4j/neo4j-cypher-frontend-2.3/2.3.12/neo4j-cypher-frontend-2.3-2.3.12.jar
2019-11-27 14:59:50.868+0000 INFO [o.n.i.d.DiagnosticsManager]  [classpath] /Users/vincentmorin/.m2/repository/org/parboiled/parboiled-core/1.1.7/parboiled-core-1.1.7.jar
2019-11-27 14:59:50.868+0000 INFO [o.n.i.d.DiagnosticsManager]  [classpath] /Users/vincentmorin/.m2/repository/org/neo4j/neo4j-diagnostics/3.5.13/neo4j-diagnostics-3.5.13.jar
2019-11-27 14:59:50.868+0000 INFO [o.n.i.d.DiagnosticsManager]  [classpath] /Users/vincentmorin/.m2/repository/org/neo4j/neo4j-cypher-util-3.4/3.4.17/neo4j-cypher-util-3.4-3.4.17.jar
2019-11-27 14:59:50.868+0000 INFO [o.n.i.d.DiagnosticsManager]  [classpath] /Users/vincentmorin/.m2/repository/org/neo4j/neo4j-lucene-upgrade/3.5.13/neo4j-lucene-upgrade-3.5.13.jar
2019-11-27 14:59:50.868+0000 INFO [o.n.i.d.DiagnosticsManager]  [classpath] /Users/vincentmorin/.m2/repository/org/eclipse/collections/eclipse-collections/9.2.0/eclipse-collections-9.2.0.jar
2019-11-27 14:59:50.868+0000 INFO [o.n.i.d.DiagnosticsManager]  [classpath] /Users/vincentmorin/.m2/repository/org/eclipse/collections/eclipse-collections-api/9.2.0/eclipse-collections-api-9.2.0.jar
2019-11-27 14:59:50.869+0000 INFO [o.n.i.d.DiagnosticsManager]  [classpath] /Users/vincentmorin/.m2/repository/com/googlecode/concurrentlinkedhashmap/concurrentlinkedhashmap-lru/1.4.2/concurrentlinkedhashmap-lru-1.4.2.jar
2019-11-27 14:59:50.869+0000 INFO [o.n.i.d.DiagnosticsManager]  [classpath] /Users/vincentmorin/.m2/repository/org/neo4j/neo4j-kernel/3.5.13/neo4j-kernel-3.5.13.jar
2019-11-27 14:59:50.869+0000 INFO [o.n.i.d.DiagnosticsManager]  [classpath] /Users/vincentmorin/.m2/repository/org/neo4j/neo4j-cypher-logical-plans-3.4/3.4.17/neo4j-cypher-logical-plans-3.4-3.4.17.jar
2019-11-27 14:59:50.869+0000 INFO [o.n.i.d.DiagnosticsManager]  [classpath] /Users/vincentmorin/workspace/nosql2019_combernoux_cousin_morin_schwien/target/classes
2019-11-27 14:59:50.869+0000 INFO [o.n.i.d.DiagnosticsManager] Library path:
2019-11-27 14:59:50.869+0000 INFO [o.n.i.d.DiagnosticsManager] /Users/vincentmorin/Library/Java/Extensions
2019-11-27 14:59:50.869+0000 INFO [o.n.i.d.DiagnosticsManager] /Library/Java/Extensions
2019-11-27 14:59:50.869+0000 INFO [o.n.i.d.DiagnosticsManager] /Network/Library/Java/Extensions
2019-11-27 14:59:50.870+0000 INFO [o.n.i.d.DiagnosticsManager] /System/Library/Java/Extensions
2019-11-27 14:59:50.870+0000 INFO [o.n.i.d.DiagnosticsManager] /usr/lib/java
2019-11-27 14:59:50.870+0000 INFO [o.n.i.d.DiagnosticsManager] /Users/vincentmorin/workspace/nosql2019_combernoux_cousin_morin_schwien
2019-11-27 14:59:50.870+0000 INFO [o.n.i.d.DiagnosticsManager] System.properties:
2019-11-27 14:59:50.870+0000 INFO [o.n.i.d.DiagnosticsManager] gopherProxySet = false
2019-11-27 14:59:50.870+0000 INFO [o.n.i.d.DiagnosticsManager] awt.toolkit = sun.lwawt.macosx.LWCToolkit
2019-11-27 14:59:50.870+0000 INFO [o.n.i.d.DiagnosticsManager] file.encoding.pkg = sun.io
2019-11-27 14:59:50.870+0000 INFO [o.n.i.d.DiagnosticsManager] sun.cpu.isalist = 
2019-11-27 14:59:50.870+0000 INFO [o.n.i.d.DiagnosticsManager] sun.jnu.encoding = UTF-8
2019-11-27 14:59:50.870+0000 INFO [o.n.i.d.DiagnosticsManager] sun.arch.data.model = 64
2019-11-27 14:59:50.870+0000 INFO [o.n.i.d.DiagnosticsManager] user.timezone = Europe/Paris
2019-11-27 14:59:50.870+0000 INFO [o.n.i.d.DiagnosticsManager] sun.java.launcher = SUN_STANDARD
2019-11-27 14:59:50.870+0000 INFO [o.n.i.d.DiagnosticsManager] user.country = FR
2019-11-27 14:59:50.870+0000 INFO [o.n.i.d.DiagnosticsManager] sun.boot.library.path = /Library/Java/JavaVirtualMachines/jdk-9.0.4.jdk/Contents/Home/lib
2019-11-27 14:59:50.871+0000 INFO [o.n.i.d.DiagnosticsManager] sun.java.command = neo4j.connection
2019-11-27 14:59:50.871+0000 INFO [o.n.i.d.DiagnosticsManager] http.nonProxyHosts = local|*.local|169.254/16|*.169.254/16
2019-11-27 14:59:50.871+0000 INFO [o.n.i.d.DiagnosticsManager] jdk.debug = release
2019-11-27 14:59:50.871+0000 INFO [o.n.i.d.DiagnosticsManager] sun.cpu.endian = little
2019-11-27 14:59:50.871+0000 INFO [o.n.i.d.DiagnosticsManager] user.home = /Users/vincentmorin
2019-11-27 14:59:50.871+0000 INFO [o.n.i.d.DiagnosticsManager] user.language = fr
2019-11-27 14:59:50.871+0000 INFO [o.n.i.d.DiagnosticsManager] file.separator = /
2019-11-27 14:59:50.871+0000 INFO [o.n.i.d.DiagnosticsManager] sun.management.compiler = HotSpot 64-Bit Tiered Compilers
2019-11-27 14:59:50.871+0000 INFO [o.n.i.d.DiagnosticsManager] ftp.nonProxyHosts = local|*.local|169.254/16|*.169.254/16
2019-11-27 14:59:50.871+0000 INFO [o.n.i.d.DiagnosticsManager] user.name = vincentmorin
2019-11-27 14:59:50.871+0000 INFO [o.n.i.d.DiagnosticsManager] path.separator = :
2019-11-27 14:59:50.871+0000 INFO [o.n.i.d.DiagnosticsManager] file.encoding = UTF-8
2019-11-27 14:59:50.871+0000 INFO [o.n.i.d.DiagnosticsManager] user.dir = /Users/vincentmorin/workspace/nosql2019_combernoux_cousin_morin_schwien
2019-11-27 14:59:50.871+0000 INFO [o.n.i.d.DiagnosticsManager] sun.os.patch.level = unknown
2019-11-27 14:59:50.871+0000 INFO [o.n.i.d.DiagnosticsManager] sun.io.unicode.encoding = UnicodeBig
2019-11-27 14:59:50.871+0000 INFO [o.n.i.d.DiagnosticsManager] socksNonProxyHosts = local|*.local|169.254/16|*.169.254/16
2019-11-27 14:59:50.872+0000 INFO [o.n.i.d.DiagnosticsManager] (IANA) TimeZone Database Version:
2019-11-27 14:59:50.906+0000 INFO [o.n.i.d.DiagnosticsManager]   TimeZone version: 2017c (available for 599 zone identifiers)
2019-11-27 14:59:50.906+0000 INFO [o.n.i.d.DiagnosticsManager] Network information:
2019-11-27 14:59:50.906+0000 INFO [o.n.i.d.DiagnosticsManager] Interface utun1:
2019-11-27 14:59:50.907+0000 INFO [o.n.i.d.DiagnosticsManager]     address: fe80:0:0:0:e63:2355:2ae6:8d1e%utun1
2019-11-27 14:59:50.907+0000 INFO [o.n.i.d.DiagnosticsManager] Interface utun0:
2019-11-27 14:59:50.907+0000 INFO [o.n.i.d.DiagnosticsManager]     address: fe80:0:0:0:186c:a551:df0d:c5fc%utun0
2019-11-27 14:59:50.907+0000 INFO [o.n.i.d.DiagnosticsManager] Interface llw0:
2019-11-27 14:59:50.907+0000 INFO [o.n.i.d.DiagnosticsManager]     address: fe80:0:0:0:648b:efff:fedf:62a4%llw0
2019-11-27 14:59:50.907+0000 INFO [o.n.i.d.DiagnosticsManager] Interface awdl0:
2019-11-27 14:59:50.907+0000 INFO [o.n.i.d.DiagnosticsManager]     address: fe80:0:0:0:648b:efff:fedf:62a4%awdl0
2019-11-27 14:59:50.907+0000 INFO [o.n.i.d.DiagnosticsManager] Interface en0:
2019-11-27 14:59:50.907+0000 INFO [o.n.i.d.DiagnosticsManager]     address: fe80:0:0:0:1cf1:b79f:dd5c:3702%en0
2019-11-27 14:59:50.907+0000 INFO [o.n.i.d.DiagnosticsManager]     address: 10.11.70.191
2019-11-27 14:59:50.907+0000 INFO [o.n.i.d.DiagnosticsManager] Interface lo0:
2019-11-27 14:59:50.907+0000 INFO [o.n.i.d.DiagnosticsManager]     address: fe80:0:0:0:0:0:0:1%lo0
2019-11-27 14:59:50.907+0000 INFO [o.n.i.d.DiagnosticsManager]     address: 0:0:0:0:0:0:0:1%lo0
2019-11-27 14:59:50.907+0000 INFO [o.n.i.d.DiagnosticsManager]     address: 127.0.0.1
2019-11-27 14:59:50.907+0000 INFO [o.n.i.d.DiagnosticsManager] --- INITIALIZED diagnostics END ---
2019-11-27 14:59:51.105+0000 INFO [o.n.k.i.s.f.RecordFormatSelector] Selected format 'RecordFormat:StandardV3_4[v0.A.9]' for the new store
2019-11-27 14:59:51.160+0000 WARN [o.n.k.NeoStoreDataSource] Exception occurred while setting up store modules. Attempting to close things down. Store file not found: /Users/vincentmorin/workspace/nosql2019_combernoux_cousin_morin_schwien/VersionSWISS.tab/neostore.nodestore.db.labels
org.neo4j.kernel.impl.store.StoreNotFoundException: Store file not found: /Users/vincentmorin/workspace/nosql2019_combernoux_cousin_morin_schwien/VersionSWISS.tab/neostore.nodestore.db.labels
	at org.neo4j.kernel.impl.store.CommonAbstractStore.checkAndLoadStorage(CommonAbstractStore.java:212)
	at org.neo4j.kernel.impl.store.CommonAbstractStore.initialise(CommonAbstractStore.java:139)
	at org.neo4j.kernel.impl.store.NeoStores.initialize(NeoStores.java:271)
	at org.neo4j.kernel.impl.store.NeoStores.createDynamicArrayStore(NeoStores.java:691)
	at org.neo4j.kernel.impl.store.NeoStores.createDynamicArrayStore(NeoStores.java:682)
	at org.neo4j.kernel.impl.store.NeoStores.createNodeLabelStore(NeoStores.java:540)
	at org.neo4j.kernel.impl.store.StoreType$1.open(StoreType.java:36)
	at org.neo4j.kernel.impl.store.StoreType$1.open(StoreType.java:31)
	at org.neo4j.kernel.impl.store.NeoStores.openStore(NeoStores.java:264)
	at org.neo4j.kernel.impl.store.NeoStores.getOrCreateStore(NeoStores.java:309)
	at org.neo4j.kernel.impl.store.NeoStores.<init>(NeoStores.java:150)
	at org.neo4j.kernel.impl.store.StoreFactory.openNeoStores(StoreFactory.java:129)
	at org.neo4j.kernel.impl.store.StoreFactory.openAllNeoStores(StoreFactory.java:93)
	at org.neo4j.kernel.impl.storageengine.impl.recordstorage.RecordStorageEngine.<init>(RecordStorageEngine.java:187)
	at org.neo4j.kernel.NeoStoreDataSource.buildStorageEngine(NeoStoreDataSource.java:513)
	at org.neo4j.kernel.NeoStoreDataSource.start(NeoStoreDataSource.java:366)
	at org.neo4j.kernel.lifecycle.LifeSupport$LifecycleInstance.start(LifeSupport.java:452)
	at org.neo4j.kernel.lifecycle.LifeSupport.start(LifeSupport.java:111)
	at org.neo4j.kernel.impl.transaction.state.DataSourceManager.start(DataSourceManager.java:116)
	at org.neo4j.kernel.lifecycle.LifeSupport$LifecycleInstance.start(LifeSupport.java:452)
	at org.neo4j.kernel.lifecycle.LifeSupport.start(LifeSupport.java:111)
	at org.neo4j.graphdb.facade.GraphDatabaseFacadeFactory.initFacade(GraphDatabaseFacadeFactory.java:227)
	at org.neo4j.graphdb.facade.GraphDatabaseFacadeFactory.newFacade(GraphDatabaseFacadeFactory.java:148)
	at org.neo4j.graphdb.factory.GraphDatabaseFactory.newDatabase(GraphDatabaseFactory.java:133)
	at org.neo4j.graphdb.factory.GraphDatabaseFactory.newEmbeddedDatabase(GraphDatabaseFactory.java:122)
	at org.neo4j.graphdb.factory.GraphDatabaseFactory$EmbeddedDatabaseCreator.newDatabase(GraphDatabaseFactory.java:178)
	at org.neo4j.graphdb.factory.GraphDatabaseBuilder.newGraphDatabase(GraphDatabaseBuilder.java:210)
	at neo4j.connection.<clinit>(connection.java:22)
Caused by: java.nio.file.NoSuchFileException: /Users/vincentmorin/workspace/nosql2019_combernoux_cousin_morin_schwien/VersionSWISS.tab/neostore.nodestore.db.labels: Cannot map non-existing file
	at org.neo4j.io.pagecache.impl.SingleFilePageSwapperFactory.createPageSwapper(SingleFilePageSwapperFactory.java:63)
	at org.neo4j.io.pagecache.impl.muninn.MuninnPagedFile.<init>(MuninnPagedFile.java:149)
	at org.neo4j.io.pagecache.impl.muninn.MuninnPageCache.map(MuninnPageCache.java:412)
	at org.neo4j.kernel.impl.store.CommonAbstractStore.checkAndLoadStorage(CommonAbstractStore.java:189)
	... 27 more
	Suppressed: java.io.FileNotFoundException: /Users/vincentmorin/workspace/nosql2019_combernoux_cousin_morin_schwien/VersionSWISS.tab/neostore.nodestore.db.labels (Not a directory)
		at java.base/java.io.RandomAccessFile.open0(Native Method)
		at java.base/java.io.RandomAccessFile.open(RandomAccessFile.java:343)
		at java.base/java.io.RandomAccessFile.<init>(RandomAccessFile.java:259)
		at java.base/java.io.RandomAccessFile.<init>(RandomAccessFile.java:214)
		at org.neo4j.io.fs.DefaultFileSystemAbstraction.open(DefaultFileSystemAbstraction.java:65)
		at org.neo4j.io.fs.DefaultFileSystemAbstraction.create(DefaultFileSystemAbstraction.java:96)
		at org.neo4j.io.fs.DefaultFileSystemAbstraction.create(DefaultFileSystemAbstraction.java:50)
		at org.neo4j.io.pagecache.impl.SingleFilePageSwapperFactory.createPageSwapper(SingleFilePageSwapperFactory.java:59)
		at org.neo4j.io.pagecache.impl.muninn.MuninnPagedFile.<init>(MuninnPagedFile.java:149)
		at org.neo4j.io.pagecache.impl.muninn.MuninnPageCache.map(MuninnPageCache.java:412)
		at org.neo4j.kernel.impl.store.CommonAbstractStore.createStore(CommonAbstractStore.java:223)
		at org.neo4j.kernel.impl.store.CommonAbstractStore.checkAndLoadStorage(CommonAbstractStore.java:200)
		... 27 more
2019-11-27 14:59:51.162+0000 INFO [o.n.i.d.DiagnosticsManager] --- STOPPING diagnostics START ---
2019-11-27 14:59:51.162+0000 INFO [o.n.i.d.DiagnosticsManager] --- STOPPING diagnostics END ---
2019-11-27 14:59:51.163+0000 INFO [o.n.g.f.GraphDatabaseFacadeFactory] Shutdown started
